{"/Users/i521862/Documents/personal/unisinos/2025_02/projeto-integrado/src/application/book/bookController.ts": {"path":"/Users/i521862/Documents/personal/unisinos/2025_02/projeto-integrado/src/application/book/bookController.ts","statementMap":{"0":{"start":{"line":6,"column":22},"end":{"line":6,"column":52}},"1":{"start":{"line":8,"column":2},"end":{"line":30,"column":4}},"2":{"start":{"line":8,"column":72},"end":{"line":30,"column":4}},"3":{"start":{"line":9,"column":4},"end":{"line":29,"column":5}},"4":{"start":{"line":10,"column":38},"end":{"line":10,"column":47}},"5":{"start":{"line":11,"column":6},"end":{"line":13,"column":7}},"6":{"start":{"line":12,"column":8},"end":{"line":12,"column":99}},"7":{"start":{"line":17,"column":6},"end":{"line":23,"column":7}},"8":{"start":{"line":18,"column":8},"end":{"line":18,"column":93}},"9":{"start":{"line":19,"column":13},"end":{"line":23,"column":7}},"10":{"start":{"line":20,"column":8},"end":{"line":20,"column":91}},"11":{"start":{"line":22,"column":8},"end":{"line":22,"column":72}},"12":{"start":{"line":25,"column":6},"end":{"line":25,"column":34}},"13":{"start":{"line":27,"column":6},"end":{"line":27,"column":27}},"14":{"start":{"line":28,"column":6},"end":{"line":28,"column":73}},"15":{"start":{"line":32,"column":2},"end":{"line":44,"column":4}},"16":{"start":{"line":32,"column":68},"end":{"line":44,"column":4}},"17":{"start":{"line":33,"column":4},"end":{"line":43,"column":5}},"18":{"start":{"line":34,"column":21},"end":{"line":34,"column":31}},"19":{"start":{"line":35,"column":19},"end":{"line":35,"column":70}},"20":{"start":{"line":36,"column":6},"end":{"line":38,"column":7}},"21":{"start":{"line":37,"column":8},"end":{"line":37,"column":67}},"22":{"start":{"line":39,"column":6},"end":{"line":39,"column":33}},"23":{"start":{"line":41,"column":6},"end":{"line":41,"column":27}},"24":{"start":{"line":42,"column":6},"end":{"line":42,"column":75}},"25":{"start":{"line":46,"column":2},"end":{"line":55,"column":4}},"26":{"start":{"line":46,"column":67},"end":{"line":55,"column":4}},"27":{"start":{"line":47,"column":4},"end":{"line":54,"column":5}},"28":{"start":{"line":48,"column":19},"end":{"line":48,"column":27}},"29":{"start":{"line":49,"column":21},"end":{"line":49,"column":63}},"30":{"start":{"line":50,"column":6},"end":{"line":50,"column":43}},"31":{"start":{"line":52,"column":6},"end":{"line":52,"column":27}},"32":{"start":{"line":53,"column":6},"end":{"line":53,"column":70}},"33":{"start":{"line":57,"column":2},"end":{"line":70,"column":4}},"34":{"start":{"line":57,"column":67},"end":{"line":70,"column":4}},"35":{"start":{"line":58,"column":4},"end":{"line":69,"column":5}},"36":{"start":{"line":59,"column":21},"end":{"line":59,"column":31}},"37":{"start":{"line":60,"column":19},"end":{"line":60,"column":27}},"38":{"start":{"line":61,"column":21},"end":{"line":61,"column":77}},"39":{"start":{"line":62,"column":6},"end":{"line":64,"column":7}},"40":{"start":{"line":63,"column":8},"end":{"line":63,"column":67}},"41":{"start":{"line":65,"column":6},"end":{"line":65,"column":42}},"42":{"start":{"line":67,"column":6},"end":{"line":67,"column":27}},"43":{"start":{"line":68,"column":6},"end":{"line":68,"column":70}},"44":{"start":{"line":72,"column":2},"end":{"line":84,"column":4}},"45":{"start":{"line":72,"column":67},"end":{"line":84,"column":4}},"46":{"start":{"line":73,"column":4},"end":{"line":83,"column":5}},"47":{"start":{"line":74,"column":21},"end":{"line":74,"column":31}},"48":{"start":{"line":75,"column":26},"end":{"line":75,"column":76}},"49":{"start":{"line":76,"column":6},"end":{"line":78,"column":7}},"50":{"start":{"line":77,"column":8},"end":{"line":77,"column":67}},"51":{"start":{"line":79,"column":6},"end":{"line":79,"column":29}},"52":{"start":{"line":81,"column":6},"end":{"line":81,"column":27}},"53":{"start":{"line":82,"column":6},"end":{"line":82,"column":70}},"54":{"start":{"line":5,"column":0},"end":{"line":5,"column":13}}},"fnMap":{"0":{"name":"(anonymous_7)","decl":{"start":{"line":6,"column":2},"end":{"line":6,"column":22}},"loc":{"start":{"line":6,"column":52},"end":{"line":6,"column":56}}},"1":{"name":"(anonymous_8)","decl":{"start":{"line":8,"column":16},"end":{"line":8,"column":23}},"loc":{"start":{"line":8,"column":72},"end":{"line":30,"column":4}}},"2":{"name":"(anonymous_9)","decl":{"start":{"line":8,"column":72},"end":{"line":8,"column":null}},"loc":{"start":{"line":8,"column":72},"end":{"line":30,"column":3}}},"3":{"name":"(anonymous_10)","decl":{"start":{"line":32,"column":16},"end":{"line":32,"column":23}},"loc":{"start":{"line":32,"column":68},"end":{"line":44,"column":4}}},"4":{"name":"(anonymous_11)","decl":{"start":{"line":32,"column":68},"end":{"line":32,"column":null}},"loc":{"start":{"line":32,"column":68},"end":{"line":44,"column":3}}},"5":{"name":"(anonymous_12)","decl":{"start":{"line":46,"column":15},"end":{"line":46,"column":22}},"loc":{"start":{"line":46,"column":67},"end":{"line":55,"column":4}}},"6":{"name":"(anonymous_13)","decl":{"start":{"line":46,"column":67},"end":{"line":46,"column":null}},"loc":{"start":{"line":46,"column":67},"end":{"line":55,"column":3}}},"7":{"name":"(anonymous_14)","decl":{"start":{"line":57,"column":15},"end":{"line":57,"column":22}},"loc":{"start":{"line":57,"column":67},"end":{"line":70,"column":4}}},"8":{"name":"(anonymous_15)","decl":{"start":{"line":57,"column":67},"end":{"line":57,"column":null}},"loc":{"start":{"line":57,"column":67},"end":{"line":70,"column":3}}},"9":{"name":"(anonymous_16)","decl":{"start":{"line":72,"column":15},"end":{"line":72,"column":22}},"loc":{"start":{"line":72,"column":67},"end":{"line":84,"column":4}}},"10":{"name":"(anonymous_17)","decl":{"start":{"line":72,"column":67},"end":{"line":72,"column":null}},"loc":{"start":{"line":72,"column":67},"end":{"line":84,"column":3}}}},"branchMap":{"0":{"loc":{"start":{"line":11,"column":6},"end":{"line":13,"column":7}},"type":"if","locations":[{"start":{"line":11,"column":6},"end":{"line":13,"column":7}},{"start":{},"end":{}}]},"1":{"loc":{"start":{"line":11,"column":10},"end":{"line":11,"column":23}},"type":"binary-expr","locations":[{"start":{"line":11,"column":10},"end":{"line":11,"column":15}},{"start":{"line":11,"column":19},"end":{"line":11,"column":23}}]},"2":{"loc":{"start":{"line":17,"column":6},"end":{"line":23,"column":7}},"type":"if","locations":[{"start":{"line":17,"column":6},"end":{"line":23,"column":7}},{"start":{"line":19,"column":13},"end":{"line":23,"column":7}}]},"3":{"loc":{"start":{"line":19,"column":13},"end":{"line":23,"column":7}},"type":"if","locations":[{"start":{"line":19,"column":13},"end":{"line":23,"column":7}},{"start":{"line":21,"column":13},"end":{"line":23,"column":7}}]},"4":{"loc":{"start":{"line":36,"column":6},"end":{"line":38,"column":7}},"type":"if","locations":[{"start":{"line":36,"column":6},"end":{"line":38,"column":7}},{"start":{},"end":{}}]},"5":{"loc":{"start":{"line":62,"column":6},"end":{"line":64,"column":7}},"type":"if","locations":[{"start":{"line":62,"column":6},"end":{"line":64,"column":7}},{"start":{},"end":{}}]},"6":{"loc":{"start":{"line":76,"column":6},"end":{"line":78,"column":7}},"type":"if","locations":[{"start":{"line":76,"column":6},"end":{"line":78,"column":7}},{"start":{},"end":{}}]}},"s":{"0":16,"1":16,"2":5,"3":5,"4":5,"5":5,"6":1,"7":4,"8":1,"9":3,"10":1,"11":2,"12":3,"13":1,"14":1,"15":16,"16":3,"17":3,"18":3,"19":3,"20":2,"21":1,"22":1,"23":1,"24":1,"25":16,"26":2,"27":2,"28":2,"29":2,"30":1,"31":1,"32":1,"33":16,"34":3,"35":3,"36":3,"37":3,"38":3,"39":2,"40":1,"41":1,"42":1,"43":1,"44":16,"45":3,"46":3,"47":3,"48":3,"49":2,"50":1,"51":1,"52":1,"53":1,"54":1},"f":{"0":16,"1":5,"2":5,"3":3,"4":3,"5":2,"6":2,"7":3,"8":3,"9":3,"10":3},"b":{"0":[1,4],"1":[5,2],"2":[1,3],"3":[1,2],"4":[1,1],"5":[1,1],"6":[1,1]}}
,"/Users/i521862/Documents/personal/unisinos/2025_02/projeto-integrado/src/application/loan/loanController.ts": {"path":"/Users/i521862/Documents/personal/unisinos/2025_02/projeto-integrado/src/application/loan/loanController.ts","statementMap":{"0":{"start":{"line":6,"column":22},"end":{"line":6,"column":52}},"1":{"start":{"line":8,"column":2},"end":{"line":20,"column":4}},"2":{"start":{"line":8,"column":68},"end":{"line":20,"column":4}},"3":{"start":{"line":9,"column":4},"end":{"line":19,"column":5}},"4":{"start":{"line":10,"column":33},"end":{"line":10,"column":42}},"5":{"start":{"line":11,"column":20},"end":{"line":13,"column":null}},"6":{"start":{"line":15,"column":6},"end":{"line":15,"column":34}},"7":{"start":{"line":17,"column":6},"end":{"line":17,"column":27}},"8":{"start":{"line":18,"column":6},"end":{"line":18,"column":73}},"9":{"start":{"line":22,"column":2},"end":{"line":34,"column":4}},"10":{"start":{"line":22,"column":68},"end":{"line":34,"column":4}},"11":{"start":{"line":23,"column":4},"end":{"line":33,"column":5}},"12":{"start":{"line":24,"column":21},"end":{"line":24,"column":31}},"13":{"start":{"line":25,"column":19},"end":{"line":25,"column":70}},"14":{"start":{"line":26,"column":6},"end":{"line":28,"column":7}},"15":{"start":{"line":27,"column":8},"end":{"line":27,"column":67}},"16":{"start":{"line":29,"column":6},"end":{"line":29,"column":33}},"17":{"start":{"line":31,"column":6},"end":{"line":31,"column":27}},"18":{"start":{"line":32,"column":6},"end":{"line":32,"column":75}},"19":{"start":{"line":36,"column":2},"end":{"line":45,"column":4}},"20":{"start":{"line":36,"column":67},"end":{"line":45,"column":4}},"21":{"start":{"line":37,"column":4},"end":{"line":44,"column":5}},"22":{"start":{"line":38,"column":19},"end":{"line":38,"column":27}},"23":{"start":{"line":39,"column":21},"end":{"line":39,"column":63}},"24":{"start":{"line":40,"column":6},"end":{"line":40,"column":43}},"25":{"start":{"line":42,"column":6},"end":{"line":42,"column":27}},"26":{"start":{"line":43,"column":6},"end":{"line":43,"column":70}},"27":{"start":{"line":47,"column":2},"end":{"line":59,"column":4}},"28":{"start":{"line":47,"column":67},"end":{"line":59,"column":4}},"29":{"start":{"line":48,"column":4},"end":{"line":58,"column":5}},"30":{"start":{"line":49,"column":21},"end":{"line":49,"column":31}},"31":{"start":{"line":50,"column":27},"end":{"line":50,"column":77}},"32":{"start":{"line":51,"column":6},"end":{"line":53,"column":7}},"33":{"start":{"line":52,"column":8},"end":{"line":52,"column":67}},"34":{"start":{"line":54,"column":6},"end":{"line":54,"column":120}},"35":{"start":{"line":56,"column":6},"end":{"line":56,"column":27}},"36":{"start":{"line":57,"column":6},"end":{"line":57,"column":70}},"37":{"start":{"line":5,"column":0},"end":{"line":5,"column":13}}},"fnMap":{"0":{"name":"(anonymous_7)","decl":{"start":{"line":6,"column":2},"end":{"line":6,"column":22}},"loc":{"start":{"line":6,"column":52},"end":{"line":6,"column":56}}},"1":{"name":"(anonymous_8)","decl":{"start":{"line":8,"column":16},"end":{"line":8,"column":23}},"loc":{"start":{"line":8,"column":68},"end":{"line":20,"column":4}}},"2":{"name":"(anonymous_9)","decl":{"start":{"line":8,"column":68},"end":{"line":8,"column":null}},"loc":{"start":{"line":8,"column":68},"end":{"line":20,"column":3}}},"3":{"name":"(anonymous_10)","decl":{"start":{"line":22,"column":16},"end":{"line":22,"column":23}},"loc":{"start":{"line":22,"column":68},"end":{"line":34,"column":4}}},"4":{"name":"(anonymous_11)","decl":{"start":{"line":22,"column":68},"end":{"line":22,"column":null}},"loc":{"start":{"line":22,"column":68},"end":{"line":34,"column":3}}},"5":{"name":"(anonymous_12)","decl":{"start":{"line":36,"column":15},"end":{"line":36,"column":22}},"loc":{"start":{"line":36,"column":67},"end":{"line":45,"column":4}}},"6":{"name":"(anonymous_13)","decl":{"start":{"line":36,"column":67},"end":{"line":36,"column":null}},"loc":{"start":{"line":36,"column":67},"end":{"line":45,"column":3}}},"7":{"name":"(anonymous_14)","decl":{"start":{"line":47,"column":15},"end":{"line":47,"column":22}},"loc":{"start":{"line":47,"column":67},"end":{"line":59,"column":4}}},"8":{"name":"(anonymous_15)","decl":{"start":{"line":47,"column":67},"end":{"line":47,"column":null}},"loc":{"start":{"line":47,"column":67},"end":{"line":59,"column":3}}}},"branchMap":{"0":{"loc":{"start":{"line":12,"column":8},"end":{"line":12,"column":55}},"type":"cond-expr","locations":[{"start":{"line":12,"column":17},"end":{"line":12,"column":43}},{"start":{"line":12,"column":46},"end":{"line":12,"column":55}}]},"1":{"loc":{"start":{"line":26,"column":6},"end":{"line":28,"column":7}},"type":"if","locations":[{"start":{"line":26,"column":6},"end":{"line":28,"column":7}},{"start":{},"end":{}}]},"2":{"loc":{"start":{"line":51,"column":6},"end":{"line":53,"column":7}},"type":"if","locations":[{"start":{"line":51,"column":6},"end":{"line":53,"column":7}},{"start":{},"end":{}}]}},"s":{"0":13,"1":13,"2":5,"3":5,"4":5,"5":5,"6":4,"7":1,"8":1,"9":13,"10":3,"11":3,"12":3,"13":3,"14":2,"15":1,"16":1,"17":1,"18":1,"19":13,"20":2,"21":2,"22":2,"23":2,"24":1,"25":1,"26":1,"27":13,"28":3,"29":3,"30":3,"31":3,"32":1,"33":0,"34":1,"35":2,"36":2,"37":1},"f":{"0":13,"1":5,"2":5,"3":3,"4":3,"5":2,"6":2,"7":3,"8":3},"b":{"0":[2,3],"1":[1,1],"2":[0,1]}}
,"/Users/i521862/Documents/personal/unisinos/2025_02/projeto-integrado/src/application/user/userController.ts": {"path":"/Users/i521862/Documents/personal/unisinos/2025_02/projeto-integrado/src/application/user/userController.ts","statementMap":{"0":{"start":{"line":5,"column":22},"end":{"line":5,"column":52}},"1":{"start":{"line":7,"column":2},"end":{"line":15,"column":4}},"2":{"start":{"line":7,"column":66},"end":{"line":15,"column":4}},"3":{"start":{"line":8,"column":4},"end":{"line":14,"column":5}},"4":{"start":{"line":9,"column":20},"end":{"line":9,"column":59}},"5":{"start":{"line":10,"column":6},"end":{"line":10,"column":34}},"6":{"start":{"line":12,"column":6},"end":{"line":12,"column":27}},"7":{"start":{"line":13,"column":6},"end":{"line":13,"column":73}},"8":{"start":{"line":17,"column":2},"end":{"line":29,"column":4}},"9":{"start":{"line":17,"column":68},"end":{"line":29,"column":4}},"10":{"start":{"line":18,"column":4},"end":{"line":28,"column":5}},"11":{"start":{"line":19,"column":21},"end":{"line":19,"column":31}},"12":{"start":{"line":20,"column":19},"end":{"line":20,"column":70}},"13":{"start":{"line":21,"column":6},"end":{"line":23,"column":7}},"14":{"start":{"line":22,"column":8},"end":{"line":22,"column":67}},"15":{"start":{"line":24,"column":6},"end":{"line":24,"column":33}},"16":{"start":{"line":26,"column":6},"end":{"line":26,"column":27}},"17":{"start":{"line":27,"column":6},"end":{"line":27,"column":75}},"18":{"start":{"line":31,"column":2},"end":{"line":43,"column":4}},"19":{"start":{"line":31,"column":69},"end":{"line":43,"column":4}},"20":{"start":{"line":32,"column":4},"end":{"line":42,"column":5}},"21":{"start":{"line":33,"column":21},"end":{"line":33,"column":31}},"22":{"start":{"line":34,"column":20},"end":{"line":34,"column":72}},"23":{"start":{"line":35,"column":6},"end":{"line":37,"column":7}},"24":{"start":{"line":36,"column":8},"end":{"line":36,"column":67}},"25":{"start":{"line":38,"column":6},"end":{"line":38,"column":34}},"26":{"start":{"line":40,"column":6},"end":{"line":40,"column":27}},"27":{"start":{"line":41,"column":6},"end":{"line":41,"column":75}},"28":{"start":{"line":45,"column":2},"end":{"line":54,"column":4}},"29":{"start":{"line":45,"column":67},"end":{"line":54,"column":4}},"30":{"start":{"line":46,"column":4},"end":{"line":53,"column":5}},"31":{"start":{"line":47,"column":19},"end":{"line":47,"column":27}},"32":{"start":{"line":48,"column":21},"end":{"line":48,"column":63}},"33":{"start":{"line":49,"column":6},"end":{"line":49,"column":43}},"34":{"start":{"line":51,"column":6},"end":{"line":51,"column":27}},"35":{"start":{"line":52,"column":6},"end":{"line":52,"column":70}},"36":{"start":{"line":56,"column":2},"end":{"line":68,"column":4}},"37":{"start":{"line":56,"column":67},"end":{"line":68,"column":4}},"38":{"start":{"line":57,"column":4},"end":{"line":67,"column":5}},"39":{"start":{"line":58,"column":21},"end":{"line":58,"column":31}},"40":{"start":{"line":59,"column":26},"end":{"line":59,"column":76}},"41":{"start":{"line":60,"column":6},"end":{"line":62,"column":7}},"42":{"start":{"line":61,"column":8},"end":{"line":61,"column":67}},"43":{"start":{"line":63,"column":6},"end":{"line":63,"column":29}},"44":{"start":{"line":65,"column":6},"end":{"line":65,"column":27}},"45":{"start":{"line":66,"column":6},"end":{"line":66,"column":70}},"46":{"start":{"line":4,"column":0},"end":{"line":4,"column":13}}},"fnMap":{"0":{"name":"(anonymous_7)","decl":{"start":{"line":5,"column":2},"end":{"line":5,"column":22}},"loc":{"start":{"line":5,"column":52},"end":{"line":5,"column":56}}},"1":{"name":"(anonymous_8)","decl":{"start":{"line":7,"column":16},"end":{"line":7,"column":23}},"loc":{"start":{"line":7,"column":66},"end":{"line":15,"column":4}}},"2":{"name":"(anonymous_9)","decl":{"start":{"line":7,"column":66},"end":{"line":7,"column":null}},"loc":{"start":{"line":7,"column":66},"end":{"line":15,"column":3}}},"3":{"name":"(anonymous_10)","decl":{"start":{"line":17,"column":16},"end":{"line":17,"column":23}},"loc":{"start":{"line":17,"column":68},"end":{"line":29,"column":4}}},"4":{"name":"(anonymous_11)","decl":{"start":{"line":17,"column":68},"end":{"line":17,"column":null}},"loc":{"start":{"line":17,"column":68},"end":{"line":29,"column":3}}},"5":{"name":"(anonymous_12)","decl":{"start":{"line":31,"column":17},"end":{"line":31,"column":24}},"loc":{"start":{"line":31,"column":69},"end":{"line":43,"column":4}}},"6":{"name":"(anonymous_13)","decl":{"start":{"line":31,"column":69},"end":{"line":31,"column":null}},"loc":{"start":{"line":31,"column":69},"end":{"line":43,"column":3}}},"7":{"name":"(anonymous_14)","decl":{"start":{"line":45,"column":15},"end":{"line":45,"column":22}},"loc":{"start":{"line":45,"column":67},"end":{"line":54,"column":4}}},"8":{"name":"(anonymous_15)","decl":{"start":{"line":45,"column":67},"end":{"line":45,"column":null}},"loc":{"start":{"line":45,"column":67},"end":{"line":54,"column":3}}},"9":{"name":"(anonymous_16)","decl":{"start":{"line":56,"column":15},"end":{"line":56,"column":22}},"loc":{"start":{"line":56,"column":67},"end":{"line":68,"column":4}}},"10":{"name":"(anonymous_17)","decl":{"start":{"line":56,"column":67},"end":{"line":56,"column":null}},"loc":{"start":{"line":56,"column":67},"end":{"line":68,"column":3}}}},"branchMap":{"0":{"loc":{"start":{"line":21,"column":6},"end":{"line":23,"column":7}},"type":"if","locations":[{"start":{"line":21,"column":6},"end":{"line":23,"column":7}},{"start":{},"end":{}}]},"1":{"loc":{"start":{"line":35,"column":6},"end":{"line":37,"column":7}},"type":"if","locations":[{"start":{"line":35,"column":6},"end":{"line":37,"column":7}},{"start":{},"end":{}}]},"2":{"loc":{"start":{"line":60,"column":6},"end":{"line":62,"column":7}},"type":"if","locations":[{"start":{"line":60,"column":6},"end":{"line":62,"column":7}},{"start":{},"end":{}}]}},"s":{"0":13,"1":13,"2":2,"3":2,"4":2,"5":1,"6":1,"7":1,"8":13,"9":3,"10":3,"11":3,"12":3,"13":2,"14":1,"15":1,"16":1,"17":1,"18":13,"19":3,"20":3,"21":3,"22":3,"23":2,"24":1,"25":1,"26":1,"27":1,"28":13,"29":2,"30":2,"31":2,"32":2,"33":1,"34":1,"35":1,"36":13,"37":3,"38":3,"39":3,"40":3,"41":2,"42":1,"43":1,"44":1,"45":1,"46":1},"f":{"0":13,"1":2,"2":2,"3":3,"4":3,"5":3,"6":3,"7":2,"8":2,"9":3,"10":3},"b":{"0":[1,1],"1":[1,1],"2":[1,1]}}
,"/Users/i521862/Documents/personal/unisinos/2025_02/projeto-integrado/src/middleware/auth.ts": {"path":"/Users/i521862/Documents/personal/unisinos/2025_02/projeto-integrado/src/middleware/auth.ts","statementMap":{"0":{"start":{"line":3,"column":23},"end":{"line":3,"column":49}},"1":{"start":{"line":4,"column":23},"end":{"line":4,"column":49}},"2":{"start":{"line":13,"column":35},"end":{"line":61,"column":1}},"3":{"start":{"line":14,"column":2},"end":{"line":21,"column":3}},"4":{"start":{"line":15,"column":4},"end":{"line":20,"column":7}},"5":{"start":{"line":23,"column":21},"end":{"line":23,"column":46}},"6":{"start":{"line":25,"column":2},"end":{"line":32,"column":3}},"7":{"start":{"line":26,"column":4},"end":{"line":31,"column":7}},"8":{"start":{"line":34,"column":2},"end":{"line":60,"column":3}},"9":{"start":{"line":35,"column":30},"end":{"line":35,"column":54}},"10":{"start":{"line":36,"column":24},"end":{"line":36,"column":82}},"11":{"start":{"line":37,"column":33},"end":{"line":37,"column":55}},"12":{"start":{"line":39,"column":4},"end":{"line":52,"column":5}},"13":{"start":{"line":40,"column":6},"end":{"line":43,"column":8}},"14":{"start":{"line":44,"column":6},"end":{"line":44,"column":13}},"15":{"start":{"line":46,"column":6},"end":{"line":51,"column":9}},"16":{"start":{"line":54,"column":4},"end":{"line":59,"column":7}},"17":{"start":{"line":13,"column":13},"end":{"line":13,"column":35}}},"fnMap":{"0":{"name":"(anonymous_0)","decl":{"start":{"line":13,"column":35},"end":{"line":13,"column":36}},"loc":{"start":{"line":13,"column":117},"end":{"line":61,"column":1}}}},"branchMap":{"0":{"loc":{"start":{"line":14,"column":2},"end":{"line":21,"column":3}},"type":"if","locations":[{"start":{"line":14,"column":2},"end":{"line":21,"column":3}},{"start":{},"end":{}}]},"1":{"loc":{"start":{"line":14,"column":6},"end":{"line":14,"column":40}},"type":"binary-expr","locations":[{"start":{"line":14,"column":6},"end":{"line":14,"column":21}},{"start":{"line":14,"column":25},"end":{"line":14,"column":40}}]},"2":{"loc":{"start":{"line":25,"column":2},"end":{"line":32,"column":3}},"type":"if","locations":[{"start":{"line":25,"column":2},"end":{"line":32,"column":3}},{"start":{},"end":{}}]},"3":{"loc":{"start":{"line":25,"column":6},"end":{"line":25,"column":53}},"type":"binary-expr","locations":[{"start":{"line":25,"column":6},"end":{"line":25,"column":17}},{"start":{"line":25,"column":21},"end":{"line":25,"column":53}}]},"4":{"loc":{"start":{"line":39,"column":4},"end":{"line":52,"column":5}},"type":"if","locations":[{"start":{"line":39,"column":4},"end":{"line":52,"column":5}},{"start":{"line":45,"column":11},"end":{"line":52,"column":5}}]},"5":{"loc":{"start":{"line":39,"column":8},"end":{"line":39,"column":66}},"type":"binary-expr","locations":[{"start":{"line":39,"column":8},"end":{"line":39,"column":35}},{"start":{"line":39,"column":39},"end":{"line":39,"column":66}}]}},"s":{"0":1,"1":1,"2":1,"3":8,"4":0,"5":8,"6":8,"7":2,"8":6,"9":6,"10":6,"11":6,"12":6,"13":1,"14":1,"15":5,"16":0,"17":1},"f":{"0":8},"b":{"0":[0,8],"1":[8,8],"2":[2,6],"3":[8,7],"4":[1,5],"5":[6,2]}}
}
