TN:
SF:src/application/book/bookController.ts
FN:6,(anonymous_7)
FN:8,(anonymous_8)
FN:8,(anonymous_9)
FN:32,(anonymous_10)
FN:32,(anonymous_11)
FN:46,(anonymous_12)
FN:46,(anonymous_13)
FN:57,(anonymous_14)
FN:57,(anonymous_15)
FN:72,(anonymous_16)
FN:72,(anonymous_17)
FNF:11
FNH:11
FNDA:16,(anonymous_7)
FNDA:5,(anonymous_8)
FNDA:5,(anonymous_9)
FNDA:3,(anonymous_10)
FNDA:3,(anonymous_11)
FNDA:2,(anonymous_12)
FNDA:2,(anonymous_13)
FNDA:3,(anonymous_14)
FNDA:3,(anonymous_15)
FNDA:3,(anonymous_16)
FNDA:3,(anonymous_17)
DA:5,1
DA:6,16
DA:8,16
DA:9,5
DA:10,5
DA:11,5
DA:12,1
DA:17,4
DA:18,1
DA:19,3
DA:20,1
DA:22,2
DA:25,3
DA:27,1
DA:28,1
DA:32,16
DA:33,3
DA:34,3
DA:35,3
DA:36,2
DA:37,1
DA:39,1
DA:41,1
DA:42,1
DA:46,16
DA:47,2
DA:48,2
DA:49,2
DA:50,1
DA:52,1
DA:53,1
DA:57,16
DA:58,3
DA:59,3
DA:60,3
DA:61,3
DA:62,2
DA:63,1
DA:65,1
DA:67,1
DA:68,1
DA:72,16
DA:73,3
DA:74,3
DA:75,3
DA:76,2
DA:77,1
DA:79,1
DA:81,1
DA:82,1
LF:50
LH:50
BRDA:11,0,0,1
BRDA:11,0,1,4
BRDA:11,1,0,5
BRDA:11,1,1,2
BRDA:17,2,0,1
BRDA:17,2,1,3
BRDA:19,3,0,1
BRDA:19,3,1,2
BRDA:36,4,0,1
BRDA:36,4,1,1
BRDA:62,5,0,1
BRDA:62,5,1,1
BRDA:76,6,0,1
BRDA:76,6,1,1
BRF:14
BRH:14
end_of_record
TN:
SF:src/application/loan/loanController.ts
FN:6,(anonymous_7)
FN:8,(anonymous_8)
FN:8,(anonymous_9)
FN:22,(anonymous_10)
FN:22,(anonymous_11)
FN:36,(anonymous_12)
FN:36,(anonymous_13)
FN:47,(anonymous_14)
FN:47,(anonymous_15)
FNF:9
FNH:9
FNDA:13,(anonymous_7)
FNDA:5,(anonymous_8)
FNDA:5,(anonymous_9)
FNDA:3,(anonymous_10)
FNDA:3,(anonymous_11)
FNDA:2,(anonymous_12)
FNDA:2,(anonymous_13)
FNDA:3,(anonymous_14)
FNDA:3,(anonymous_15)
DA:5,1
DA:6,13
DA:8,13
DA:9,5
DA:10,5
DA:11,5
DA:15,4
DA:17,1
DA:18,1
DA:22,13
DA:23,3
DA:24,3
DA:25,3
DA:26,2
DA:27,1
DA:29,1
DA:31,1
DA:32,1
DA:36,13
DA:37,2
DA:38,2
DA:39,2
DA:40,1
DA:42,1
DA:43,1
DA:47,13
DA:48,3
DA:49,3
DA:50,3
DA:51,1
DA:52,0
DA:54,1
DA:56,2
DA:57,2
LF:34
LH:33
BRDA:12,0,0,2
BRDA:12,0,1,3
BRDA:26,1,0,1
BRDA:26,1,1,1
BRDA:51,2,0,0
BRDA:51,2,1,1
BRF:6
BRH:5
end_of_record
TN:
SF:src/application/user/userController.ts
FN:5,(anonymous_7)
FN:7,(anonymous_8)
FN:7,(anonymous_9)
FN:17,(anonymous_10)
FN:17,(anonymous_11)
FN:31,(anonymous_12)
FN:31,(anonymous_13)
FN:45,(anonymous_14)
FN:45,(anonymous_15)
FN:56,(anonymous_16)
FN:56,(anonymous_17)
FNF:11
FNH:11
FNDA:13,(anonymous_7)
FNDA:2,(anonymous_8)
FNDA:2,(anonymous_9)
FNDA:3,(anonymous_10)
FNDA:3,(anonymous_11)
FNDA:3,(anonymous_12)
FNDA:3,(anonymous_13)
FNDA:2,(anonymous_14)
FNDA:2,(anonymous_15)
FNDA:3,(anonymous_16)
FNDA:3,(anonymous_17)
DA:4,1
DA:5,13
DA:7,13
DA:8,2
DA:9,2
DA:10,1
DA:12,1
DA:13,1
DA:17,13
DA:18,3
DA:19,3
DA:20,3
DA:21,2
DA:22,1
DA:24,1
DA:26,1
DA:27,1
DA:31,13
DA:32,3
DA:33,3
DA:34,3
DA:35,2
DA:36,1
DA:38,1
DA:40,1
DA:41,1
DA:45,13
DA:46,2
DA:47,2
DA:48,2
DA:49,1
DA:51,1
DA:52,1
DA:56,13
DA:57,3
DA:58,3
DA:59,3
DA:60,2
DA:61,1
DA:63,1
DA:65,1
DA:66,1
LF:42
LH:42
BRDA:21,0,0,1
BRDA:21,0,1,1
BRDA:35,1,0,1
BRDA:35,1,1,1
BRDA:60,2,0,1
BRDA:60,2,1,1
BRF:6
BRH:6
end_of_record
TN:
SF:src/middleware/auth.ts
FN:13,(anonymous_0)
FNF:1
FNH:1
FNDA:8,(anonymous_0)
DA:3,1
DA:4,1
DA:13,1
DA:14,8
DA:15,0
DA:23,8
DA:25,8
DA:26,2
DA:34,6
DA:35,6
DA:36,6
DA:37,6
DA:39,6
DA:40,1
DA:44,1
DA:46,5
DA:54,0
LF:17
LH:15
BRDA:14,0,0,0
BRDA:14,0,1,8
BRDA:14,1,0,8
BRDA:14,1,1,8
BRDA:25,2,0,2
BRDA:25,2,1,6
BRDA:25,3,0,8
BRDA:25,3,1,7
BRDA:39,4,0,1
BRDA:39,4,1,5
BRDA:39,5,0,6
BRDA:39,5,1,2
BRF:12
BRH:11
end_of_record
