<?xml version="1.0" encoding="UTF-8"?>
<coverage generated="1762093932529" clover="3.2.0">
  <project timestamp="1762093932529" name="All files">
    <metrics statements="61" coveredstatements="60" conditionals="48" coveredconditionals="41" methods="24" coveredmethods="23" elements="133" coveredelements="124" complexity="0" loc="61" ncloc="61" packages="1" files="4" classes="4"/>
    <file name="bookRepository.ts" path="/Users/i521862/Documents/personal/unisinos/2025_02/projeto-integrado/src/infra/postgres/bookRepository.ts">
      <metrics statements="26" coveredstatements="26" conditionals="28" coveredconditionals="21" methods="10" coveredmethods="10"/>
      <line num="1" count="1" type="stmt"/>
      <line num="15" count="10" type="stmt"/>
      <line num="26" count="9" type="stmt"/>
      <line num="29" count="1" type="stmt"/>
      <line num="33" count="4" type="stmt"/>
      <line num="38" count="4" type="stmt"/>
      <line num="42" count="3" type="stmt"/>
      <line num="48" count="3" type="stmt"/>
      <line num="52" count="2" type="stmt"/>
      <line num="58" count="2" type="stmt"/>
      <line num="62" count="6" type="stmt"/>
      <line num="65" count="6" type="cond" truecount="2" falsecount="0"/>
      <line num="69" count="14" type="stmt"/>
      <line num="74" count="14" type="stmt"/>
      <line num="78" count="2" type="stmt"/>
      <line num="82" count="2" type="cond" truecount="2" falsecount="0"/>
      <line num="83" count="1" type="stmt"/>
      <line num="85" count="1" type="stmt"/>
      <line num="87" count="1" type="cond" truecount="3" falsecount="1"/>
      <line num="88" count="1" type="cond" truecount="3" falsecount="1"/>
      <line num="89" count="1" type="cond" truecount="3" falsecount="1"/>
      <line num="90" count="1" type="cond" truecount="3" falsecount="1"/>
      <line num="92" count="1" type="stmt"/>
      <line num="102" count="1" type="cond" truecount="1" falsecount="1"/>
      <line num="106" count="2" type="stmt"/>
      <line num="109" count="2" type="stmt"/>
    </file>
    <file name="client.ts" path="/Users/i521862/Documents/personal/unisinos/2025_02/projeto-integrado/src/infra/postgres/client.ts">
      <metrics statements="4" coveredstatements="3" conditionals="10" coveredconditionals="10" methods="1" coveredmethods="0"/>
      <line num="1" count="3" type="stmt"/>
      <line num="3" count="3" type="stmt"/>
      <line num="12" count="3" type="stmt"/>
      <line num="13" count="0" type="stmt"/>
    </file>
    <file name="loanRepository.ts" path="/Users/i521862/Documents/personal/unisinos/2025_02/projeto-integrado/src/infra/postgres/loanRepository.ts">
      <metrics statements="16" coveredstatements="16" conditionals="8" coveredconditionals="8" methods="6" coveredmethods="6"/>
      <line num="1" count="2" type="stmt"/>
      <line num="22" count="10" type="stmt"/>
      <line num="41" count="2" type="stmt"/>
      <line num="42" count="8" type="stmt"/>
      <line num="45" count="2" type="stmt"/>
      <line num="47" count="6" type="stmt"/>
      <line num="52" count="6" type="stmt"/>
      <line num="56" count="3" type="stmt"/>
      <line num="59" count="3" type="cond" truecount="2" falsecount="0"/>
      <line num="63" count="14" type="stmt"/>
      <line num="68" count="13" type="stmt"/>
      <line num="72" count="3" type="stmt"/>
      <line num="77" count="3" type="cond" truecount="2" falsecount="0"/>
      <line num="78" count="1" type="stmt"/>
      <line num="81" count="2" type="stmt"/>
      <line num="84" count="2" type="stmt"/>
    </file>
    <file name="userRepository.ts" path="/Users/i521862/Documents/personal/unisinos/2025_02/projeto-integrado/src/infra/postgres/userRepository.ts">
      <metrics statements="15" coveredstatements="15" conditionals="2" coveredconditionals="2" methods="7" coveredmethods="7"/>
      <line num="1" count="1" type="stmt"/>
      <line num="5" count="1" type="stmt"/>
      <line num="32" count="3" type="stmt"/>
      <line num="42" count="2" type="stmt"/>
      <line num="45" count="1" type="stmt"/>
      <line num="47" count="2" type="stmt"/>
      <line num="50" count="2" type="stmt"/>
      <line num="54" count="3" type="stmt"/>
      <line num="57" count="3" type="cond" truecount="2" falsecount="0"/>
      <line num="61" count="9" type="stmt"/>
      <line num="66" count="9" type="stmt"/>
      <line num="70" count="2" type="stmt"/>
      <line num="73" count="2" type="stmt"/>
      <line num="77" count="2" type="stmt"/>
      <line num="80" count="2" type="stmt"/>
    </file>
  </project>
</coverage>
