TN:
SF:src/infra/postgres/bookRepository.ts
FN:14,mapBookDBToBook
FN:25,mapBooksDBToBooks
FN:30,(anonymous_9)
FN:32,(anonymous_10)
FN:41,(anonymous_12)
FN:51,(anonymous_14)
FN:61,(anonymous_16)
FN:68,(anonymous_18)
FN:77,(anonymous_20)
FN:105,(anonymous_22)
FNF:10
FNH:10
FNDA:10,mapBookDBToBook
FNDA:9,mapBooksDBToBooks
FNDA:1,(anonymous_9)
FNDA:4,(anonymous_10)
FNDA:3,(anonymous_12)
FNDA:2,(anonymous_14)
FNDA:6,(anonymous_16)
FNDA:14,(anonymous_18)
FNDA:2,(anonymous_20)
FNDA:2,(anonymous_22)
DA:1,1
DA:15,10
DA:26,9
DA:29,1
DA:33,4
DA:38,4
DA:42,3
DA:48,3
DA:52,2
DA:58,2
DA:62,6
DA:65,6
DA:69,14
DA:74,14
DA:78,2
DA:82,2
DA:83,1
DA:85,1
DA:87,1
DA:88,1
DA:89,1
DA:90,1
DA:92,1
DA:102,1
DA:106,2
DA:109,2
LF:26
LH:26
BRDA:36,0,0,2
BRDA:36,0,1,2
BRDA:46,1,0,0
BRDA:46,1,1,3
BRDA:56,2,0,0
BRDA:56,2,1,2
BRDA:65,3,0,4
BRDA:65,3,1,2
BRDA:82,4,0,1
BRDA:82,4,1,1
BRDA:87,5,0,1
BRDA:87,5,1,0
BRDA:87,6,0,1
BRDA:87,6,1,1
BRDA:88,7,0,0
BRDA:88,7,1,1
BRDA:88,8,0,1
BRDA:88,8,1,1
BRDA:89,9,0,1
BRDA:89,9,1,0
BRDA:89,10,0,1
BRDA:89,10,1,1
BRDA:90,11,0,0
BRDA:90,11,1,1
BRDA:90,12,0,1
BRDA:90,12,1,1
BRDA:102,13,0,1
BRDA:102,13,1,0
BRF:28
BRH:21
end_of_record
TN:
SF:src/infra/postgres/client.ts
FN:12,connect
FNF:1
FNH:0
FNDA:0,connect
DA:1,3
DA:3,3
DA:12,3
DA:13,0
LF:4
LH:3
BRDA:4,0,0,3
BRDA:4,0,1,3
BRDA:5,1,0,3
BRDA:5,1,1,3
BRDA:6,2,0,3
BRDA:6,2,1,3
BRDA:7,3,0,3
BRDA:7,3,1,3
BRDA:8,4,0,3
BRDA:8,4,1,3
BRF:10
BRH:10
end_of_record
TN:
SF:src/infra/postgres/loanRepository.ts
FN:21,mapLoanDBToLoan
FN:41,mapLoansDBToLoans
FN:46,(anonymous_9)
FN:55,(anonymous_11)
FN:62,(anonymous_13)
FN:71,(anonymous_15)
FNF:6
FNH:6
FNDA:10,mapLoanDBToLoan
FNDA:8,mapLoansDBToLoans
FNDA:6,(anonymous_9)
FNDA:3,(anonymous_11)
FNDA:14,(anonymous_13)
FNDA:3,(anonymous_15)
DA:1,2
DA:22,10
DA:41,2
DA:42,8
DA:45,2
DA:47,6
DA:52,6
DA:56,3
DA:59,3
DA:63,14
DA:68,13
DA:72,3
DA:77,3
DA:78,1
DA:81,2
DA:84,2
LF:16
LH:16
BRDA:49,0,0,2
BRDA:49,0,1,4
BRDA:50,1,0,2
BRDA:50,1,1,4
BRDA:59,2,0,2
BRDA:59,2,1,1
BRDA:77,3,0,1
BRDA:77,3,1,2
BRF:8
BRH:8
end_of_record
TN:
SF:src/infra/postgres/userRepository.ts
FN:31,mapUserDBToUser
FN:41,mapUsersDBToUsers
FN:46,(anonymous_9)
FN:53,(anonymous_11)
FN:60,(anonymous_13)
FN:69,(anonymous_15)
FN:76,(anonymous_17)
FNF:7
FNH:7
FNDA:3,mapUserDBToUser
FNDA:2,mapUsersDBToUsers
FNDA:2,(anonymous_9)
FNDA:3,(anonymous_11)
FNDA:9,(anonymous_13)
FNDA:2,(anonymous_15)
FNDA:2,(anonymous_17)
DA:1,1
DA:5,1
DA:32,3
DA:42,2
DA:45,1
DA:47,2
DA:50,2
DA:54,3
DA:57,3
DA:61,9
DA:66,9
DA:70,2
DA:73,2
DA:77,2
DA:80,2
LF:15
LH:15
BRDA:57,0,0,1
BRDA:57,0,1,2
BRF:2
BRH:2
end_of_record
